<?xml version="1.0" encoding="UTF-8"?>
<!-- Generated by org.testng.reporters.JUnitXMLReporter -->
<testsuite hostname="Lenovo-PC" name="Test" tests="3" failures="1" timestamp="25 Sep 2018 02:41:25 GMT" time="10.166" errors="0">
  <testcase name="user_launches_adactin_page" time="9.849" classname="stepDefinitions.Verify_Login_Page"/>
  <testcase name="user_enters_and" time="0.002" classname="stepDefinitions.Verify_Login_Page">
    <skipped/>
  </testcase> <!-- user_enters_and -->
  <testcase name="user_clicks_login_button" time="0.268" classname="stepDefinitions.Verify_Login_Page">
    <failure type="java.lang.AssertionError" message="expected:&amp;lt;http://www.adactin.com/HotelApp/SearchHotel.php&amp;gt; but was:&amp;lt;http://www.adactin.com/HotelApp/&amp;gt;">
      <![CDATA[java.lang.AssertionError: expected:<http://www.adactin.com/HotelApp/SearchHotel.php> but was:<http://www.adactin.com/HotelApp/>
	at stepDefinitions.Verify_Login_Page.user_clicks_login_button(Verify_Login_Page.java:43)
	at java.util.concurrent.FutureTask.run(Unknown Source)
	at java.util.concurrent.ThreadPoolExecutor.runWorker(Unknown Source)
	at java.util.concurrent.ThreadPoolExecutor$Worker.run(Unknown Source)
	at java.lang.Thread.run(Unknown Source)
... Removed 18 stack frames]]>
    </failure>
  </testcase> <!-- user_clicks_login_button -->
</testsuite> <!-- Test -->
